<?xml version="1.0" encoding="UTF-8"?>
<!-- Generated by org.testng.reporters.JUnitXMLReporter -->
<testsuite hostname="LAPTOP-CMFMPBMS" name="Test" tests="2" failures="1" timestamp="20 Jun 2021 11:22:12 GMT" time="25.545" errors="0">
  <testcase name="efigt_select" time="8.635" classname="com.test.com.test.Runner_class">
    <failure type="org.openqa.selenium.ElementClickInterceptedException" message="element click intercepted: Element &amp;lt;a href=&amp;quot;/gift-cards/b/?ie=UTF8&amp;amp;amp;node=2238192011&amp;amp;amp;ref_=nav_cs_gc_4fb606b1a14b44e4823e00c03fc71f47&amp;quot; class=&amp;quot;nav-a  &amp;quot; tabindex=&amp;quot;0&amp;quot; data-csa-c-type=&amp;quot;link&amp;quot; data-csa-c-slot-id=&amp;quot;nav_cs_2&amp;quot; data-csa-c-content-id=&amp;quot;nav_cs_gc_4fb606b1a14b44e4823e00c03fc71f47&amp;quot; data-csa-c-id=&amp;quot;s206wg-7v3kud-avrp6s-8mbt56&amp;quot;&amp;gt;...&amp;lt;/a&amp;gt; is not clickable at point (342, 79). Other element would receive the click: &amp;lt;div data-toaster-blocking=&amp;quot;0&amp;quot; data-toaster-csrftoken=&amp;quot;gE+L2gRBWIKcobwFhLUmXQ7mGqYva0nK5SIS42oAAAAMAAAAAGDPJNFyYXcAAAAA&amp;quot; data-toaster-slot=&amp;quot;DEFAULT&amp;quot; data-toaster-type=&amp;quot;AIS_INGRESS&amp;quot; aria-describedby=&amp;quot;glow-toaster-body&amp;quot; aria-labelledby=&amp;quot;glow-toaster-title&amp;quot; class=&amp;quot;a-section glow-toaster glow-toaster-theme-default glow-toaster-slot-default nav-coreFlyout nav-flyout&amp;quot; role=&amp;quot;alertdialog&amp;quot; style=&amp;quot;&amp;quot; tabindex=&amp;quot;-1&amp;quot;&amp;gt;...&amp;lt;/div&amp;gt;
  (Session info: chrome=91.0.4472.106)
Build info: version: &amp;apos;3.9.0&amp;apos;, revision: &amp;apos;698b3178f0&amp;apos;, time: &amp;apos;2018-02-05T14:26:55.441Z&amp;apos;
System info: host: &amp;apos;LAPTOP-CMFMPBMS&amp;apos;, ip: &amp;apos;192.168.1.11&amp;apos;, os.name: &amp;apos;Windows 10&amp;apos;, os.arch: &amp;apos;amd64&amp;apos;, os.version: &amp;apos;10.0&amp;apos;, java.version: &amp;apos;1.8.0_221&amp;apos;
Driver info: org.openqa.selenium.chrome.ChromeDriver
Capabilities {acceptInsecureCerts: false, browserName: chrome, browserVersion: 91.0.4472.106, chrome: {chromedriverVersion: 91.0.4472.101 (af52a90bf870..., userDataDir: C:\Users\MAYURM~1\AppData\L...}, goog:chromeOptions: {debuggerAddress: localhost:61398}, javascriptEnabled: true, networkConnectionEnabled: false, pageLoadStrategy: normal, platform: WINDOWS, platformName: WINDOWS, proxy: Proxy(), setWindowRect: true, strictFileInteractability: false, timeouts: {implicit: 0, pageLoad: 300000, script: 30000}, unhandledPromptBehavior: dismiss and notify, webauthn:extension:largeBlob: true, webauthn:virtualAuthenticators: true}
Session ID: c665ce9d79b4dcd91e7d96984133880f">
      <![CDATA[org.openqa.selenium.ElementClickInterceptedException: element click intercepted: Element <a href="/gift-cards/b/?ie=UTF8&amp;node=2238192011&amp;ref_=nav_cs_gc_4fb606b1a14b44e4823e00c03fc71f47" class="nav-a  " tabindex="0" data-csa-c-type="link" data-csa-c-slot-id="nav_cs_2" data-csa-c-content-id="nav_cs_gc_4fb606b1a14b44e4823e00c03fc71f47" data-csa-c-id="s206wg-7v3kud-avrp6s-8mbt56">...</a> is not clickable at point (342, 79). Other element would receive the click: <div data-toaster-blocking="0" data-toaster-csrftoken="gE+L2gRBWIKcobwFhLUmXQ7mGqYva0nK5SIS42oAAAAMAAAAAGDPJNFyYXcAAAAA" data-toaster-slot="DEFAULT" data-toaster-type="AIS_INGRESS" aria-describedby="glow-toaster-body" aria-labelledby="glow-toaster-title" class="a-section glow-toaster glow-toaster-theme-default glow-toaster-slot-default nav-coreFlyout nav-flyout" role="alertdialog" style="" tabindex="-1">...</div>
  (Session info: chrome=91.0.4472.106)
Build info: version: '3.9.0', revision: '698b3178f0', time: '2018-02-05T14:26:55.441Z'
System info: host: 'LAPTOP-CMFMPBMS', ip: '192.168.1.11', os.name: 'Windows 10', os.arch: 'amd64', os.version: '10.0', java.version: '1.8.0_221'
Driver info: org.openqa.selenium.chrome.ChromeDriver
Capabilities {acceptInsecureCerts: false, browserName: chrome, browserVersion: 91.0.4472.106, chrome: {chromedriverVersion: 91.0.4472.101 (af52a90bf870..., userDataDir: C:\Users\MAYURM~1\AppData\L...}, goog:chromeOptions: {debuggerAddress: localhost:61398}, javascriptEnabled: true, networkConnectionEnabled: false, pageLoadStrategy: normal, platform: WINDOWS, platformName: WINDOWS, proxy: Proxy(), setWindowRect: true, strictFileInteractability: false, timeouts: {implicit: 0, pageLoad: 300000, script: 30000}, unhandledPromptBehavior: dismiss and notify, webauthn:extension:largeBlob: true, webauthn:virtualAuthenticators: true}
Session ID: c665ce9d79b4dcd91e7d96984133880f
	at org.openqa.selenium.remote.http.W3CHttpResponseCodec.createException(W3CHttpResponseCodec.java:187)
	at org.openqa.selenium.remote.http.W3CHttpResponseCodec.decode(W3CHttpResponseCodec.java:122)
	at org.openqa.selenium.remote.http.W3CHttpResponseCodec.decode(W3CHttpResponseCodec.java:49)
	at org.openqa.selenium.remote.HttpCommandExecutor.execute(HttpCommandExecutor.java:160)
	at org.openqa.selenium.remote.service.DriverCommandExecutor.execute(DriverCommandExecutor.java:83)
	at org.openqa.selenium.remote.RemoteWebDriver.execute(RemoteWebDriver.java:601)
	at org.openqa.selenium.remote.RemoteWebElement.execute(RemoteWebElement.java:279)
	at org.openqa.selenium.remote.RemoteWebElement.click(RemoteWebElement.java:83)
	at org.openqa.selenium.support.pagefactory.internal.LocatingElementHandler.invoke(LocatingElementHandler.java:51)
	at com.sun.proxy.$Proxy10.click(Unknown Source)
	at com.test.com.test.Egift_selection.egift_selection(Egift_selection.java:52)
	at com.test.com.test.Runner_class.efigt_select(Runner_class.java:68)
	at java.util.concurrent.ThreadPoolExecutor.runWorker(ThreadPoolExecutor.java:1149)
	at java.util.concurrent.ThreadPoolExecutor$Worker.run(ThreadPoolExecutor.java:624)
	at java.lang.Thread.run(Thread.java:748)
... Removed 18 stack frames]]>
    </failure>
  </testcase> <!-- efigt_select -->
  <testcase name="AddToCart" time="17.355" classname="com.test.com.test.Runner_class"/>
</testsuite> <!-- Test -->
