<?xml version="1.0" encoding="UTF-8"?>
<testng-results skipped="0" failed="1" total="2" passed="1">
  <reporter-output>
  </reporter-output>
  <suite name="Suite" duration-ms="25545" started-at="2021-06-20T11:21:46Z" finished-at="2021-06-20T11:22:12Z">
    <groups>
    </groups>
    <test name="Test" duration-ms="25545" started-at="2021-06-20T11:21:46Z" finished-at="2021-06-20T11:22:12Z">
      <class name="com.test.com.test.Runner_class">
        <test-method status="PASS" signature="setUpBrowser()[pri:0, instance:com.test.com.test.Runner_class@2ed0fbae]" name="setUpBrowser" is-config="true" duration-ms="6242" started-at="2021-06-20T16:51:48Z" finished-at="2021-06-20T16:51:54Z">
          <reporter-output>
          </reporter-output>
        </test-method> <!-- setUpBrowser -->
        <test-method status="PASS" signature="setUpBrowser()[pri:0, instance:com.test.com.test.Runner_class@2ed0fbae]" name="setUpBrowser" is-config="true" duration-ms="6486" started-at="2021-06-20T16:51:48Z" finished-at="2021-06-20T16:51:54Z">
          <reporter-output>
          </reporter-output>
        </test-method> <!-- setUpBrowser -->
        <test-method status="PASS" signature="AddToCart(java.lang.String, java.lang.String)[pri:0, instance:com.test.com.test.Runner_class@2ed0fbae]" name="AddToCart" duration-ms="17355" started-at="2021-06-20T16:51:54Z" data-provider="Amazonadd_cart" finished-at="2021-06-20T16:52:11Z">
          <params>
            <param index="0">
              <value>
                <![CDATA[Mobile]]>
              </value>
            </param>
            <param index="1">
              <value>
                <![CDATA[test22]]>
              </value>
            </param>
          </params>
          <reporter-output>
          </reporter-output>
        </test-method> <!-- AddToCart -->
        <test-method status="FAIL" signature="efigt_select(java.lang.String, java.lang.String)[pri:0, instance:com.test.com.test.Runner_class@2ed0fbae]" name="efigt_select" duration-ms="8635" started-at="2021-06-20T16:51:54Z" data-provider="egift_selection" finished-at="2021-06-20T16:52:03Z">
          <params>
            <param index="0">
              <value>
                <![CDATA[Test1]]>
              </value>
            </param>
            <param index="1">
              <value>
                <![CDATA[Test1]]>
              </value>
            </param>
          </params>
          <exception class="org.openqa.selenium.ElementClickInterceptedException">
            <message>
              <![CDATA[element click intercepted: Element <a href="/gift-cards/b/?ie=UTF8&amp;node=2238192011&amp;ref_=nav_cs_gc_4fb606b1a14b44e4823e00c03fc71f47" class="nav-a  " tabindex="0" data-csa-c-type="link" data-csa-c-slot-id="nav_cs_2" data-csa-c-content-id="nav_cs_gc_4fb606b1a14b44e4823e00c03fc71f47" data-csa-c-id="s206wg-7v3kud-avrp6s-8mbt56">...</a> is not clickable at point (342, 79). Other element would receive the click: <div data-toaster-blocking="0" data-toaster-csrftoken="gE+L2gRBWIKcobwFhLUmXQ7mGqYva0nK5SIS42oAAAAMAAAAAGDPJNFyYXcAAAAA" data-toaster-slot="DEFAULT" data-toaster-type="AIS_INGRESS" aria-describedby="glow-toaster-body" aria-labelledby="glow-toaster-title" class="a-section glow-toaster glow-toaster-theme-default glow-toaster-slot-default nav-coreFlyout nav-flyout" role="alertdialog" style="" tabindex="-1">...</div>
  (Session info: chrome=91.0.4472.106)
Build info: version: '3.9.0', revision: '698b3178f0', time: '2018-02-05T14:26:55.441Z'
System info: host: 'LAPTOP-CMFMPBMS', ip: '192.168.1.11', os.name: 'Windows 10', os.arch: 'amd64', os.version: '10.0', java.version: '1.8.0_221'
Driver info: org.openqa.selenium.chrome.ChromeDriver
Capabilities {acceptInsecureCerts: false, browserName: chrome, browserVersion: 91.0.4472.106, chrome: {chromedriverVersion: 91.0.4472.101 (af52a90bf870..., userDataDir: C:\Users\MAYURM~1\AppData\L...}, goog:chromeOptions: {debuggerAddress: localhost:61398}, javascriptEnabled: true, networkConnectionEnabled: false, pageLoadStrategy: normal, platform: WINDOWS, platformName: WINDOWS, proxy: Proxy(), setWindowRect: true, strictFileInteractability: false, timeouts: {implicit: 0, pageLoad: 300000, script: 30000}, unhandledPromptBehavior: dismiss and notify, webauthn:extension:largeBlob: true, webauthn:virtualAuthenticators: true}
Session ID: c665ce9d79b4dcd91e7d96984133880f]]>
            </message>
            <full-stacktrace>
              <![CDATA[org.openqa.selenium.ElementClickInterceptedException: element click intercepted: Element <a href="/gift-cards/b/?ie=UTF8&amp;node=2238192011&amp;ref_=nav_cs_gc_4fb606b1a14b44e4823e00c03fc71f47" class="nav-a  " tabindex="0" data-csa-c-type="link" data-csa-c-slot-id="nav_cs_2" data-csa-c-content-id="nav_cs_gc_4fb606b1a14b44e4823e00c03fc71f47" data-csa-c-id="s206wg-7v3kud-avrp6s-8mbt56">...</a> is not clickable at point (342, 79). Other element would receive the click: <div data-toaster-blocking="0" data-toaster-csrftoken="gE+L2gRBWIKcobwFhLUmXQ7mGqYva0nK5SIS42oAAAAMAAAAAGDPJNFyYXcAAAAA" data-toaster-slot="DEFAULT" data-toaster-type="AIS_INGRESS" aria-describedby="glow-toaster-body" aria-labelledby="glow-toaster-title" class="a-section glow-toaster glow-toaster-theme-default glow-toaster-slot-default nav-coreFlyout nav-flyout" role="alertdialog" style="" tabindex="-1">...</div>
  (Session info: chrome=91.0.4472.106)
Build info: version: '3.9.0', revision: '698b3178f0', time: '2018-02-05T14:26:55.441Z'
System info: host: 'LAPTOP-CMFMPBMS', ip: '192.168.1.11', os.name: 'Windows 10', os.arch: 'amd64', os.version: '10.0', java.version: '1.8.0_221'
Driver info: org.openqa.selenium.chrome.ChromeDriver
Capabilities {acceptInsecureCerts: false, browserName: chrome, browserVersion: 91.0.4472.106, chrome: {chromedriverVersion: 91.0.4472.101 (af52a90bf870..., userDataDir: C:\Users\MAYURM~1\AppData\L...}, goog:chromeOptions: {debuggerAddress: localhost:61398}, javascriptEnabled: true, networkConnectionEnabled: false, pageLoadStrategy: normal, platform: WINDOWS, platformName: WINDOWS, proxy: Proxy(), setWindowRect: true, strictFileInteractability: false, timeouts: {implicit: 0, pageLoad: 300000, script: 30000}, unhandledPromptBehavior: dismiss and notify, webauthn:extension:largeBlob: true, webauthn:virtualAuthenticators: true}
Session ID: c665ce9d79b4dcd91e7d96984133880f
	at sun.reflect.NativeConstructorAccessorImpl.newInstance0(Native Method)
	at sun.reflect.NativeConstructorAccessorImpl.newInstance(NativeConstructorAccessorImpl.java:62)
	at sun.reflect.DelegatingConstructorAccessorImpl.newInstance(DelegatingConstructorAccessorImpl.java:45)
	at java.lang.reflect.Constructor.newInstance(Constructor.java:423)
	at org.openqa.selenium.remote.http.W3CHttpResponseCodec.createException(W3CHttpResponseCodec.java:187)
	at org.openqa.selenium.remote.http.W3CHttpResponseCodec.decode(W3CHttpResponseCodec.java:122)
	at org.openqa.selenium.remote.http.W3CHttpResponseCodec.decode(W3CHttpResponseCodec.java:49)
	at org.openqa.selenium.remote.HttpCommandExecutor.execute(HttpCommandExecutor.java:160)
	at org.openqa.selenium.remote.service.DriverCommandExecutor.execute(DriverCommandExecutor.java:83)
	at org.openqa.selenium.remote.RemoteWebDriver.execute(RemoteWebDriver.java:601)
	at org.openqa.selenium.remote.RemoteWebElement.execute(RemoteWebElement.java:279)
	at org.openqa.selenium.remote.RemoteWebElement.click(RemoteWebElement.java:83)
	at sun.reflect.NativeMethodAccessorImpl.invoke0(Native Method)
	at sun.reflect.NativeMethodAccessorImpl.invoke(NativeMethodAccessorImpl.java:62)
	at sun.reflect.DelegatingMethodAccessorImpl.invoke(DelegatingMethodAccessorImpl.java:43)
	at java.lang.reflect.Method.invoke(Method.java:498)
	at org.openqa.selenium.support.pagefactory.internal.LocatingElementHandler.invoke(LocatingElementHandler.java:51)
	at com.sun.proxy.$Proxy10.click(Unknown Source)
	at com.test.com.test.Egift_selection.egift_selection(Egift_selection.java:52)
	at com.test.com.test.Runner_class.efigt_select(Runner_class.java:68)
	at sun.reflect.NativeMethodAccessorImpl.invoke0(Native Method)
	at sun.reflect.NativeMethodAccessorImpl.invoke(NativeMethodAccessorImpl.java:62)
	at sun.reflect.DelegatingMethodAccessorImpl.invoke(DelegatingMethodAccessorImpl.java:43)
	at java.lang.reflect.Method.invoke(Method.java:498)
	at org.testng.internal.MethodInvocationHelper.invokeMethod(MethodInvocationHelper.java:86)
	at org.testng.internal.Invoker.invokeMethod(Invoker.java:643)
	at org.testng.internal.Invoker.invokeTestMethod(Invoker.java:820)
	at org.testng.internal.Invoker.invokeTestMethods(Invoker.java:1128)
	at org.testng.internal.TestMethodWorker.invokeTestMethods(TestMethodWorker.java:129)
	at org.testng.internal.TestMethodWorker.run(TestMethodWorker.java:112)
	at java.util.concurrent.ThreadPoolExecutor.runWorker(ThreadPoolExecutor.java:1149)
	at java.util.concurrent.ThreadPoolExecutor$Worker.run(ThreadPoolExecutor.java:624)
	at java.lang.Thread.run(Thread.java:748)
]]>
            </full-stacktrace>
          </exception> <!-- org.openqa.selenium.ElementClickInterceptedException -->
          <reporter-output>
          </reporter-output>
        </test-method> <!-- efigt_select -->
        <test-method status="PASS" signature="tearDown()[pri:0, instance:com.test.com.test.Runner_class@2ed0fbae]" name="tearDown" is-config="true" duration-ms="917" started-at="2021-06-20T16:52:03Z" finished-at="2021-06-20T16:52:04Z">
          <reporter-output>
          </reporter-output>
        </test-method> <!-- tearDown -->
        <test-method status="PASS" signature="tearDown()[pri:0, instance:com.test.com.test.Runner_class@2ed0fbae]" name="tearDown" is-config="true" duration-ms="848" started-at="2021-06-20T16:52:11Z" finished-at="2021-06-20T16:52:12Z">
          <reporter-output>
          </reporter-output>
        </test-method> <!-- tearDown -->
      </class> <!-- com.test.com.test.Runner_class -->
    </test> <!-- Test -->
  </suite> <!-- Suite -->
</testng-results>
